2021-05-08T05:51:19+00:00 INFO Doing Task:set_settings
2021-05-08T05:51:19+00:00 INFO Task Done:set_settings
2021-05-08T05:51:19+00:00 INFO Doing Task:create_default_lists
2021-05-08T05:51:19+00:00 INFO Task Done:create_default_lists
2021-05-08T05:51:19+00:00 INFO Doing Task:create_contacts_and_add_to_list
2021-05-08T05:51:20+00:00 INFO Task Done:create_contacts_and_add_to_list
2021-05-08T05:51:20+00:00 INFO Doing Task:add_workflow_for_user_registration
2021-05-08T05:51:20+00:00 INFO Task Done:add_workflow_for_user_registration
2021-05-08T05:51:20+00:00 INFO Doing Task:create_default_newsletter_broadcast
2021-05-08T05:51:20+00:00 INFO Task Done:create_default_newsletter_broadcast
2021-05-08T05:51:20+00:00 INFO Doing Task:create_default_post_notification
2021-05-08T05:51:20+00:00 INFO Task Done:create_default_post_notification
2021-05-08T05:51:20+00:00 INFO Doing Task:create_default_subscription_form
2021-05-08T05:51:20+00:00 INFO Task Done:create_default_subscription_form
2021-05-08T05:51:20+00:00 INFO Doing Task:add_widget_to_sidebar
2021-05-08T05:51:20+00:00 INFO Task Done:add_widget_to_sidebar
2021-05-08T05:51:20+00:00 INFO Doing Task:queue_default_broadcast_newsletter
2021-05-08T05:51:20+00:00 INFO Doing Task:queue_default_broadcast_newsletter
2021-05-08T05:51:21+00:00 INFO Task Done:queue_default_broadcast_newsletter
2021-05-08T05:51:21+00:00 INFO Task Done:queue_default_broadcast_newsletter
2021-05-08T05:51:21+00:00 INFO Doing Task:dispatch_emails_from_server
2021-05-08T05:51:21+00:00 INFO Doing Task:dispatch_emails_from_server
2021-05-08T05:51:21+00:00 INFO Doing Task:dispatch_emails_from_server
2021-05-08T05:51:21+00:00 INFO Doing Task:dispatch_emails_from_server
2021-05-08T05:51:27+00:00 INFO Task Failed:dispatch_emails_from_server
2021-05-08T05:51:27+00:00 INFO Task Failed:dispatch_emails_from_server
2021-05-08T05:51:27+00:00 INFO Task Failed:dispatch_emails_from_server
2021-05-08T05:51:27+00:00 INFO Task Failed:dispatch_emails_from_server
2021-05-08T05:53:11+00:00 INFO Doing Task:subscribe_to_klawoo
2021-05-08T05:53:12+00:00 INFO Task Done:subscribe_to_klawoo
2021-05-08T05:53:12+00:00 INFO Doing Task:save_final_configuration
2021-05-08T05:53:12+00:00 INFO Task Done:save_final_configuration
